#
# There is insufficient memory for the Java Runtime Environment to continue.
# Native memory allocation (mmap) failed to map 2097152 bytes for Failed to commit area from 0x0000025e19fe0000 to 0x0000025e1a1e0000 of length 2097152.
# Possible reasons:
#   The system is out of physical RAM or swap space
#   The process is running with CompressedOops enabled, and the Java Heap may be blocking the growth of the native heap
# Possible solutions:
#   Reduce memory load on the system
#   Increase physical memory or swap space
#   Check if swap backing store is full
#   Decrease Java heap size (-Xmx/-Xms)
#   Decrease number of Java threads
#   Decrease Java thread stack sizes (-Xss)
#   Set larger code cache with -XX:ReservedCodeCacheSize=
# This output file may be truncated or incomplete.
#
#  Out of Memory Error (t:/workspace/open/src/hotspot/os/windows/os_windows.cpp:3301), pid=12620, tid=16116
#
# JRE version:  (13.0.1+9) (build )
# Java VM: Java HotSpot(TM) 64-Bit Server VM (13.0.1+9, mixed mode, aot, sharing, tiered, compressed oops, g1 gc, windows-amd64)
# No core dump will be written. Minidumps are not enabled by default on client versions of Windows
#

---------------  S U M M A R Y ------------

Command Line: -Dfile.encoding=Cp1252 intersection_sim.Main

Host: Intel(R) Core(TM) i5-8350U CPU @ 1.70GHz, 8 cores, 7G,  Windows 10 , 64 bit Build 19041 (10.0.19041.2546)
Time: Tue Mar 28 20:44:25 2023 GMT Summer Time elapsed time: 0 seconds (0d 0h 0m 0s)

---------------  T H R E A D  ---------------

Current thread (0x0000025e7fa8b800):  JavaThread "Unknown thread" [_thread_in_vm, id=16116, stack(0x000000ec4c900000,0x000000ec4ca00000)]

Stack: [0x000000ec4c900000,0x000000ec4ca00000]
Native frames: (J=compiled Java code, j=interpreted, Vv=VM code, C=native code)
V  [jvm.dll+0x626eca]
V  [jvm.dll+0x772c6a]
V  [jvm.dll+0x77441f]
V  [jvm.dll+0x774a23]
V  [jvm.dll+0x24da58]
V  [jvm.dll+0x62438a]
V  [jvm.dll+0x618f75]
V  [jvm.dll+0x30c61c]
V  [jvm.dll+0x30c452]
V  [jvm.dll+0x311bc6]
V  [jvm.dll+0x355d0f]
V  [jvm.dll+0x3554c0]
V  [jvm.dll+0x2e729a]
V  [jvm.dll+0x2e8532]
V  [jvm.dll+0x74fcd8]
V  [jvm.dll+0x363739]
V  [jvm.dll+0x732dc5]
V  [jvm.dll+0x3ce2ef]
V  [jvm.dll+0x3d0611]
C  [jli.dll+0x51ff]
C  [ucrtbase.dll+0x21bb2]
C  [KERNEL32.DLL+0x17614]
C  [ntdll.dll+0x526a1]


---------------  P R O C E S S  ---------------

Threads class SMR info:
_java_thread_list=0x00007ffa19d546b8, length=0, elements={
}

Java Threads: ( => current thread )

Other Threads:
  0x0000025e7facf000 GCTaskThread "GC Thread#0" [stack: 0x000000ec4ca00000,0x000000ec4cb00000] [id=12420]
  0x0000025e7fae1000 ConcurrentGCThread "G1 Main Marker" [stack: 0x000000ec4cb00000,0x000000ec4cc00000] [id=7508]
  0x0000025e7fae2800 ConcurrentGCThread "G1 Conc#0" [stack: 0x000000ec4cc00000,0x000000ec4cd00000] [id=3660]

[error occurred during error reporting (printing all threads), id 0xc0000005, EXCEPTION_ACCESS_VIOLATION (0xc0000005) at pc=0x00007ffa19586f67]

VM state:not at safepoint (not fully initialized)

VM Mutex/Monitor currently owned by a thread:  ([mutex/lock_event])
[0x0000025e7fa86910] Heap_lock - owner thread: 0x0000025e7fa8b800

Heap address: 0x0000000081400000, size: 2028 MB, Compressed Oops mode: Non-zero based: 0x0000000081400000
Narrow klass base: 0x0000000000000000, Narrow klass shift: 0

GC Heap History (0 events):
No events

Deoptimization events (0 events):
No events

Classes unloaded (0 events):
No events

Classes redefined (0 events):
No events

Internal exceptions (0 events):
No events

Events (8 events):
Event: 0.009 Loaded shared library C:\Program Files\Java\jdk-13.0.1\bin\zip.dll
Event: 0.009 Loaded shared library C:\Program Files\Java\jdk-13.0.1\bin\jimage.dll
Event: 0.012 Loading shared library C:\Program Files\Java\jdk-13.0.1\lib\libjava.base-coop.dll failed, error code 126
Event: 0.012 Loading shared library C:\Program Files\Java\jdk-13.0.1\lib\libjava.logging-coop.dll failed, error code 126
Event: 0.012 Loading shared library C:\Program Files\Java\jdk-13.0.1\lib\libjdk.compiler-coop.dll failed, error code 126
Event: 0.012 Loading shared library C:\Program Files\Java\jdk-13.0.1\lib\libjdk.scripting.nashorn-coop.dll failed, error code 126
Event: 0.012 Loading shared library C:\Program Files\Java\jdk-13.0.1\lib\libjdk.internal.vm.ci-coop.dll failed, error code 126
Event: 0.012 Loading shared library C:\Program Files\Java\jdk-13.0.1\lib\libjdk.internal.vm.compiler-coop.dll failed, error code 126


Dynamic libraries:
0x00007ff7a2de0000 - 0x00007ff7a2def000 	C:\Program Files\Java\jdk-13.0.1\bin\javaw.exe
0x00007ffab2b50000 - 0x00007ffab2d48000 	C:\WINDOWS\SYSTEM32\ntdll.dll
0x00007ffab2360000 - 0x00007ffab241f000 	C:\WINDOWS\System32\KERNEL32.DLL
0x00007ffab0460000 - 0x00007ffab0732000 	C:\WINDOWS\System32\KERNELBASE.dll
0x00007ffab0aa0000 - 0x00007ffab0ba0000 	C:\WINDOWS\System32\ucrtbase.dll
0x00007ffaa5ae0000 - 0x00007ffaa5af8000 	C:\Program Files\Java\jdk-13.0.1\bin\jli.dll
0x00007ffa9f3f0000 - 0x00007ffa9f405000 	C:\Program Files\Java\jdk-13.0.1\bin\VCRUNTIME140.dll
0x00007ffab1120000 - 0x00007ffab11ce000 	C:\WINDOWS\System32\ADVAPI32.dll
0x00007ffab2a10000 - 0x00007ffab2aae000 	C:\WINDOWS\System32\msvcrt.dll
0x00007ffab0ba0000 - 0x00007ffab0c3c000 	C:\WINDOWS\System32\sechost.dll
0x00007ffab1a20000 - 0x00007ffab1b44000 	C:\WINDOWS\System32\RPCRT4.dll
0x00007ffab0f70000 - 0x00007ffab1111000 	C:\WINDOWS\System32\USER32.dll
0x00007ffab0250000 - 0x00007ffab0272000 	C:\WINDOWS\System32\win32u.dll
0x00007ffa94c50000 - 0x00007ffa94eea000 	C:\WINDOWS\WinSxS\amd64_microsoft.windows.common-controls_6595b64144ccf1df_6.0.19041.1110_none_60b5254171f9507e\COMCTL32.dll
0x00007ffab1d50000 - 0x00007ffab1d7b000 	C:\WINDOWS\System32\GDI32.dll
0x00007ffab0350000 - 0x00007ffab045f000 	C:\WINDOWS\System32\gdi32full.dll
0x00007ffab02b0000 - 0x00007ffab034d000 	C:\WINDOWS\System32\msvcp_win.dll
0x00007ffaa2470000 - 0x00007ffaa247a000 	C:\WINDOWS\SYSTEM32\VERSION.dll
0x00007ffab0c40000 - 0x00007ffab0c70000 	C:\WINDOWS\System32\IMM32.DLL
0x00007ffa97110000 - 0x00007ffa971ab000 	C:\Program Files\Java\jdk-13.0.1\bin\msvcp140.dll
0x00007ffa19290000 - 0x00007ffa19df6000 	C:\Program Files\Java\jdk-13.0.1\bin\server\jvm.dll
0x00007ffab1c60000 - 0x00007ffab1c68000 	C:\WINDOWS\System32\PSAPI.DLL
0x00007ffa95b90000 - 0x00007ffa95b99000 	C:\WINDOWS\SYSTEM32\WSOCK32.dll
0x00007ffa8eec0000 - 0x00007ffa8eee7000 	C:\WINDOWS\SYSTEM32\WINMM.dll
0x00007ffab1260000 - 0x00007ffab12cb000 	C:\WINDOWS\System32\WS2_32.dll
0x00007ffaae0f0000 - 0x00007ffaae102000 	C:\WINDOWS\SYSTEM32\kernel.appcore.dll
0x00007ffa9ada0000 - 0x00007ffa9adb0000 	C:\Program Files\Java\jdk-13.0.1\bin\verify.dll
0x00007ffaaa970000 - 0x00007ffaaab54000 	C:\WINDOWS\SYSTEM32\DBGHELP.DLL
0x00007ffaa2320000 - 0x00007ffaa2355000 	C:\WINDOWS\SYSTEM32\dbgcore.DLL
0x00007ffab0960000 - 0x00007ffab09e2000 	C:\WINDOWS\System32\bcryptPrimitives.dll
0x00007ffa7c350000 - 0x00007ffa7c376000 	C:\Program Files\Java\jdk-13.0.1\bin\java.dll
0x00007ffa7c330000 - 0x00007ffa7c347000 	C:\Program Files\Java\jdk-13.0.1\bin\zip.dll
0x00007ffa9ad90000 - 0x00007ffa9ad9a000 	C:\Program Files\Java\jdk-13.0.1\bin\jimage.dll

dbghelp: loaded successfully - version: 4.0.5 - missing functions: none
symbol engine: initialized successfully - sym options: 0x614 - pdb path: .;C:\Program Files\Java\jdk-13.0.1\bin;C:\WINDOWS\SYSTEM32;C:\WINDOWS\WinSxS\amd64_microsoft.windows.common-controls_6595b64144ccf1df_6.0.19041.1110_none_60b5254171f9507e;C:\Program Files\Java\jdk-13.0.1\bin\server

VM Arguments:
jvm_args: -Dfile.encoding=Cp1252 
java_command: intersection_sim.Main
java_class_path (initial): C:\Users\Calum Thow\git\f21as_group_project_9\bin;C:\Users\Calum Thow\git\f21as_group_project_9\jgoodies-forms-1.8.0.jar;C:\Users\Calum Thow\.p2\pool\plugins\org.junit.jupiter.api_5.5.1.v20190826-0900.jar;C:\Users\Calum Thow\.p2\pool\plugins\org.junit.jupiter.engine_5.5.1.v20190826-0900.jar;C:\Users\Calum Thow\.p2\pool\plugins\org.junit.jupiter.migrationsupport_5.5.1.v20190826-0900.jar;C:\Users\Calum Thow\.p2\pool\plugins\org.junit.jupiter.params_5.5.1.v20190826-0900.jar;C:\Users\Calum Thow\.p2\pool\plugins\org.junit.platform.commons_1.5.1.v20190826-0900.jar;C:\Users\Calum Thow\.p2\pool\plugins\org.junit.platform.engine_1.5.1.v20190826-0900.jar;C:\Users\Calum Thow\.p2\pool\plugins\org.junit.platform.launcher_1.5.1.v20190826-0900.jar;C:\Users\Calum Thow\.p2\pool\plugins\org.junit.platform.runner_1.5.1.v20190826-0900.jar;C:\Users\Calum Thow\.p2\pool\plugins\org.junit.platform.suite.api_1.5.1.v20190826-0900.jar;C:\Users\Calum Thow\.p2\pool\plugins\org.junit.vintage.engine_5.5.1.v20190826-0900.jar;C:\Users\Calum Thow\.p2\pool\plugins\org.opentest4j_1.2.0.v20190826-0900.jar;C:\Users\Calum Thow\.p2\pool\plugins\org.apiguardian_1.1.0.v20190826-0900.jar;C:\Users\Calum Thow\.p2\pool\plugins\org.junit_4.12.0.v201504281640\junit.jar;C:\Users\Calum Thow\.p2\pool\plugins\org.hamcrest.core_1.3.0.v20180420-1519.jar;C:\Users\Calum Thow\git\f21as_group_project_9\miglayout15-swing.jar
Launcher Type: SUN_STANDARD

[Global flags]
     intx CICompilerCount                          = 4                                         {product} {ergonomic}
     uint ConcGCThreads                            = 2                                         {product} {ergonomic}
     uint G1ConcRefinementThreads                  = 8                                         {product} {ergonomic}
   size_t G1HeapRegionSize                         = 1048576                                   {product} {ergonomic}
    uintx GCDrainStackTargetSize                   = 64                                        {product} {ergonomic}
   size_t InitialHeapSize                          = 134217728                                 {product} {ergonomic}
   size_t MarkStackSize                            = 4194304                                   {product} {ergonomic}
   size_t MaxHeapSize                              = 2126512128                                {product} {ergonomic}
   size_t MinHeapDeltaBytes                        = 1048576                                   {product} {ergonomic}
   size_t MinHeapSize                              = 8388608                                   {product} {ergonomic}
    uintx NonNMethodCodeHeapSize                   = 5836300                                {pd product} {ergonomic}
    uintx NonProfiledCodeHeapSize                  = 122910970                              {pd product} {ergonomic}
    uintx ProfiledCodeHeapSize                     = 122910970                              {pd product} {ergonomic}
    uintx ReservedCodeCacheSize                    = 251658240                              {pd product} {ergonomic}
     bool SegmentedCodeCache                       = true                                      {product} {ergonomic}
   size_t SoftMaxHeapSize                          = 2126512128                             {manageable} {ergonomic}
     bool UseCompressedClassPointers               = true                                 {lp64_product} {ergonomic}
     bool UseCompressedOops                        = true                                 {lp64_product} {ergonomic}
     bool UseG1GC                                  = true                                      {product} {ergonomic}
     bool UseLargePagesIndividualAllocation        = false                                  {pd product} {ergonomic}

Logging:
Log output configuration:
 #0: stdout all=warning uptime,level,tags
 #1: stderr all=off uptime,level,tags

Environment Variables:
PATH=C:/Program Files/Java/jdk-13.0.1/bin/server;C:/Program Files/Java/jdk-13.0.1/bin;C:\Program Files\Common Files\Oracle\Java\javapath;C:\Program Files (x86)\Common Files\Oracle\Java\javapath;C:\WINDOWS\system32;C:\WINDOWS;C:\WINDOWS\System32\Wbem;C:\WINDOWS\System32\WindowsPowerShell\v1.0\;C:\WINDOWS\System32\OpenSSH\;%GSTREAMER_ROOT_X86%\bin;C:\Program Files\Git\cmd;C:\Program Files\PuTTY\;C:\Program Files\MATLAB\R2022b\bin;C:\Users\Calum Thow\AppData\Local\Microsoft\WindowsApps;C:\Program Files\CMake\bin;C:\Users\Calum Thow\AppData\Local\Packages\PythonSoftwareFoundation.Python.3.7_qbz5n2kfra8p0\LocalCache\local-packages\Python37\Scripts;;C:\Users\Calum Thow\AppData\Local\Programs\Microsoft VS Code\bin;C:\WINDOWS\system32;
USERNAME=Calum Thow
OS=Windows_NT
PROCESSOR_IDENTIFIER=Intel64 Family 6 Model 142 Stepping 10, GenuineIntel



---------------  S Y S T E M  ---------------

OS: Windows 10 , 64 bit Build 19041 (10.0.19041.2546)

CPU:total 8 (initial active 8) (4 cores per cpu, 2 threads per core) family 6 model 142 stepping 10, cmov, cx8, fxsr, mmx, sse, sse2, sse3, ssse3, sse4.1, sse4.2, popcnt, avx, avx2, aes, clmul, erms, rtm, 3dnowpref, lzcnt, ht, tsc, tscinvbit, bmi1, bmi2, adx, fma

Memory: 4k page, system-wide physical 8108M (1015M free)
TotalPageFile size 11180M (AvailPageFile size 6M)
current process WorkingSet (physical memory assigned to process): 10M, peak: 10M
current process commit charge ("private bytes"): 190M, peak: 192M

vm_info: Java HotSpot(TM) 64-Bit Server VM (13.0.1+9) for windows-amd64 JRE (13.0.1+9), built on Oct  6 2019 12:37:49 by "mach5one" with unknown MS VC++:1916

END.
